make[1]: Entering directory `/vagrant/P3-S2'
./boot/boot ./minikernel/kernel
[KRN][-1][            main] INITIALIZING KERNEL
[KRN][-1][     crear_tarea] LOADED IMAGE [init] WITH PID [ 0]
PID: 0
init: comienza
PPID: -1
[KRN][ 0][sis_crear_proces] CREATING PROCESS [replicate]
[KRN][ 0][     crear_tarea] LOADED IMAGE [replicate] WITH PID [ 1]
[KRN][ 0][        sys_wait] PROCESS IS WAITING FOR CHILDREN TO END...
[KRN][ 0][   block_process] BLOCKING PROCESS: [0]
[KRN][ 0][   block_process] FOREIGN BCP LIST: 
[KRN][ 0][  print_bcp_list] {
[KRN][ 0][       print_bcp]   [ 0] {S: [BLOQUEADO], BP: [10], EP: [10], PPID: [-1], CH: [ 1]}
[KRN][ 0][  print_bcp_list] } Length: [ 1]
[KRN][ 0][   block_process] READY BCP LIST: 
[KRN][ 0][  print_bcp_list] {
[KRN][ 0][       print_bcp]   [ 1] {S: [    LISTO], BP: [10], EP: [10], PPID: [ 0], CH: [ 0]}
[KRN][ 0][  print_bcp_list] } Length: [ 1]
[KRN][ 0][   block_process] CHANGING CONTEXT: [0] => [1]
replicate[1]: PID [1]
replicate[1]: depth = [1]
[KRN][ 1][sis_crear_proces] CREATING PROCESS [replicate]
[KRN][ 1][     crear_tarea] LOADED IMAGE [replicate] WITH PID [ 2]
replicate[1]: Beginning to count until [134217727]...
[KRN][ 2][          int_sw] PRIORITIZED PROCESS. CHANGING CONTEXT: [ 1] => [ 2]
replicate[2]: PID [2]
replicate[2]: depth = [2]
[KRN][ 2][sis_crear_proces] CREATING PROCESS [replicate]
[KRN][ 2][     crear_tarea] LOADED IMAGE [replicate] WITH PID [ 3]
replicate[2]: Beginning to count until [268435454]...
[KRN][ 3][          int_sw] PRIORITIZED PROCESS. CHANGING CONTEXT: [ 2] => [ 3]
replicate[3]: PID [3]
replicate[3]: depth = [3]
[KRN][ 3][sis_crear_proces] CREATING PROCESS [replicate]
[KRN][ 3][     crear_tarea] LOADED IMAGE [replicate] WITH PID [ 4]
replicate[3]: Beginning to count until [402653181]...
[KRN][ 4][          int_sw] PRIORITIZED PROCESS. CHANGING CONTEXT: [ 3] => [ 4]
replicate[4]: PID [4]
replicate[4]: depth = [4]
[KRN][ 4][sis_crear_proces] CREATING PROCESS [replicate]
[KRN][ 4][     crear_tarea] LOADED IMAGE [replicate] WITH PID [ 5]
replicate[4]: Beginning to count until [536870908]...
[KRN][ 5][          int_sw] PRIORITIZED PROCESS. CHANGING CONTEXT: [ 4] => [ 5]
replicate[5]: PID [5]
replicate[5]: depth = [5]
replicate[5]: Beginning to count until [671088635]...
[KRN][ 1][          int_sw] PRIORITIZED PROCESS. CHANGING CONTEXT: [ 5] => [ 1]
[KRN][ 2][          int_sw] PRIORITIZED PROCESS. CHANGING CONTEXT: [ 1] => [ 2]
[KRN][ 3][          int_sw] PRIORITIZED PROCESS. CHANGING CONTEXT: [ 2] => [ 3]
[KRN][ 4][          int_sw] PRIORITIZED PROCESS. CHANGING CONTEXT: [ 3] => [ 4]
[KRN][ 5][          int_sw] PRIORITIZED PROCESS. CHANGING CONTEXT: [ 4] => [ 5]
[KRN][ 1][          int_sw] PRIORITIZED PROCESS. CHANGING CONTEXT: [ 5] => [ 1]
replicate[1]: finishes
[KRN][ 1][sis_terminar_pro] ENDING PROCESS
[KRN][ 1][ liberar_proceso] FREEING PROCESS:
[KRN][ 1][       print_bcp]   [ 1] {S: [EJECUCION], BP: [10], EP: [ 7], PPID: [ 0], CH: [ 1]}
[KRN][ 1][ liberar_proceso] READY BCP LIST: 
[KRN][ 1][  print_bcp_list] {
[KRN][ 1][       print_bcp]   [ 2] {S: [    LISTO], BP: [10], EP: [10], PPID: [ 0], CH: [ 1]}
[KRN][ 1][       print_bcp]   [ 3] {S: [    LISTO], BP: [10], EP: [10], PPID: [ 2], CH: [ 1]}
[KRN][ 1][       print_bcp]   [ 4] {S: [    LISTO], BP: [10], EP: [10], PPID: [ 3], CH: [ 1]}
[KRN][ 1][       print_bcp]   [ 5] {S: [    LISTO], BP: [10], EP: [10], PPID: [ 4], CH: [ 0]}
[KRN][ 1][  print_bcp_list] } Length: [ 4]
[KRN][ 1][ liberar_proceso] CHANGING CONTEXT: [1] => [2]
[KRN][ 3][          int_sw] PRIORITIZED PROCESS. CHANGING CONTEXT: [ 2] => [ 3]
[KRN][ 4][          int_sw] PRIORITIZED PROCESS. CHANGING CONTEXT: [ 3] => [ 4]
[KRN][ 5][          int_sw] PRIORITIZED PROCESS. CHANGING CONTEXT: [ 4] => [ 5]
[KRN][ 2][          int_sw] PRIORITIZED PROCESS. CHANGING CONTEXT: [ 5] => [ 2]
[KRN][ 3][          int_sw] PRIORITIZED PROCESS. CHANGING CONTEXT: [ 2] => [ 3]
[KRN][ 4][          int_sw] PRIORITIZED PROCESS. CHANGING CONTEXT: [ 3] => [ 4]
[KRN][ 5][          int_sw] PRIORITIZED PROCESS. CHANGING CONTEXT: [ 4] => [ 5]
[KRN][ 5][    int_terminal] >> INTERRUPTION [Terminal, key: [d]]<<
[KRN][ 2][          int_sw] PRIORITIZED PROCESS. CHANGING CONTEXT: [ 5] => [ 2]
replicate[2]: finishes
[KRN][ 2][sis_terminar_pro] ENDING PROCESS
[KRN][ 2][ liberar_proceso] FREEING PROCESS:
[KRN][ 2][       print_bcp]   [ 2] {S: [EJECUCION], BP: [10], EP: [ 7], PPID: [ 0], CH: [ 1]}
[KRN][ 2][ liberar_proceso] READY BCP LIST: 
[KRN][ 2][  print_bcp_list] {
[KRN][ 2][       print_bcp]   [ 3] {S: [    LISTO], BP: [10], EP: [10], PPID: [ 0], CH: [ 1]}
[KRN][ 2][       print_bcp]   [ 4] {S: [    LISTO], BP: [10], EP: [10], PPID: [ 3], CH: [ 1]}
[KRN][ 2][       print_bcp]   [ 5] {S: [    LISTO], BP: [10], EP: [10], PPID: [ 4], CH: [ 0]}
[KRN][ 2][  print_bcp_list] } Length: [ 3]
[KRN][ 2][ liberar_proceso] CHANGING CONTEXT: [2] => [3]
[KRN][ 4][          int_sw] PRIORITIZED PROCESS. CHANGING CONTEXT: [ 3] => [ 4]
[KRN][ 5][          int_sw] PRIORITIZED PROCESS. CHANGING CONTEXT: [ 4] => [ 5]
[KRN][ 3][          int_sw] PRIORITIZED PROCESS. CHANGING CONTEXT: [ 5] => [ 3]
[KRN][ 4][          int_sw] PRIORITIZED PROCESS. CHANGING CONTEXT: [ 3] => [ 4]
[KRN][ 5][          int_sw] PRIORITIZED PROCESS. CHANGING CONTEXT: [ 4] => [ 5]
[KRN][ 3][          int_sw] PRIORITIZED PROCESS. CHANGING CONTEXT: [ 5] => [ 3]
replicate[3]: finishes
[KRN][ 3][sis_terminar_pro] ENDING PROCESS
[KRN][ 3][ liberar_proceso] FREEING PROCESS:
[KRN][ 3][       print_bcp]   [ 3] {S: [EJECUCION], BP: [10], EP: [ 5], PPID: [ 0], CH: [ 1]}
[KRN][ 3][ liberar_proceso] READY BCP LIST: 
[KRN][ 3][  print_bcp_list] {
[KRN][ 3][       print_bcp]   [ 4] {S: [    LISTO], BP: [10], EP: [10], PPID: [ 0], CH: [ 1]}
[KRN][ 3][       print_bcp]   [ 5] {S: [    LISTO], BP: [10], EP: [10], PPID: [ 4], CH: [ 0]}
[KRN][ 3][  print_bcp_list] } Length: [ 2]
[KRN][ 3][ liberar_proceso] CHANGING CONTEXT: [3] => [4]
[KRN][ 5][          int_sw] PRIORITIZED PROCESS. CHANGING CONTEXT: [ 4] => [ 5]
[KRN][ 4][          int_sw] PRIORITIZED PROCESS. CHANGING CONTEXT: [ 5] => [ 4]
[KRN][ 5][          int_sw] PRIORITIZED PROCESS. CHANGING CONTEXT: [ 4] => [ 5]
[KRN][ 4][          int_sw] PRIORITIZED PROCESS. CHANGING CONTEXT: [ 5] => [ 4]
replicate[4]: finishes
[KRN][ 4][sis_terminar_pro] ENDING PROCESS
[KRN][ 4][ liberar_proceso] FREEING PROCESS:
[KRN][ 4][       print_bcp]   [ 4] {S: [EJECUCION], BP: [10], EP: [ 4], PPID: [ 0], CH: [ 1]}
[KRN][ 4][ liberar_proceso] READY BCP LIST: 
[KRN][ 4][  print_bcp_list] {
[KRN][ 4][       print_bcp]   [ 5] {S: [    LISTO], BP: [10], EP: [10], PPID: [ 0], CH: [ 0]}
[KRN][ 4][  print_bcp_list] } Length: [ 1]
[KRN][ 4][ liberar_proceso] CHANGING CONTEXT: [4] => [5]
replicate[5]: finishes
[KRN][ 5][sis_terminar_pro] ENDING PROCESS
[KRN][ 5][ liberar_proceso] FREEING PROCESS:
[KRN][ 5][       print_bcp]   [ 5] {S: [EJECUCION], BP: [10], EP: [ 3], PPID: [ 0], CH: [ 0]}
[KRN][ 5][    tratar_padre] ALL CHILDREN OF PARENT PROCESS [ 0] HAVE ENDED. UNBLOCKING PARENT PROCESS.
[KRN][ 5][ unblock_process] AWAKENING PROCESS: [0]
[KRN][ 5][ unblock_process] REMOVING PROCESS FROM THE SLEPT LIST
[KRN][ 5][ unblock_process] ADDING THE AWAKEN PROCESS TO THE READY LIST
[KRN][ 5][ unblock_process] FOREIGN BCP LIST: 
[KRN][ 5][  print_bcp_list] {
[KRN][ 5][  print_bcp_list] } Length: [ 0]
[KRN][ 5][ unblock_process] READY BCP LIST: 
[KRN][ 5][  print_bcp_list] {
[KRN][ 5][       print_bcp]   [ 0] {S: [    LISTO], BP: [10], EP: [11], PPID: [-1], CH: [ 0]}
[KRN][ 5][  print_bcp_list] } Length: [ 1]
[KRN][ 5][ liberar_proceso] READY BCP LIST: 
[KRN][ 5][  print_bcp_list] {
[KRN][ 5][       print_bcp]   [ 0] {S: [    LISTO], BP: [10], EP: [11], PPID: [-1], CH: [ 0]}
[KRN][ 5][  print_bcp_list] } Length: [ 1]
[KRN][ 5][ liberar_proceso] CHANGING CONTEXT: [5] => [0]
init: termina
[KRN][ 0][sis_terminar_pro] ENDING PROCESS
[KRN][ 0][ liberar_proceso] FREEING PROCESS:
[KRN][ 0][       print_bcp]   [ 0] {S: [EJECUCION], BP: [10], EP: [11], PPID: [-1], CH: [ 0]}
make[1]: Leaving directory `/vagrant/P3-S2'
